qemu 7.0.0

  Directories
    Install prefix               : /usr/local
    BIOS directory               : share/qemu
    firmware path                : /usr/local/share/qemu-firmware
    binary directory             : bin
    library directory            : lib
    module directory             : lib/qemu
    libexec directory            : libexec
    include directory            : include
    config directory             : /usr/local/etc
    local state directory        : /usr/local/var
    Manual directory             : share/man
    Doc directory                : /usr/local/share/doc
    Build directory              : /Users/maarten/Development/qemu-7.0.0/build
    Source path                  : /Users/maarten/Development/qemu-7.0.0
    GIT submodules               : ui/keycodemapdb tests/fp/berkeley-testfloat-3 tests/fp/berkeley-softfloat-3 dtc capstone slirp

  Host binaries
    git                          : git
    make                         : make
    python                       : /usr/local/bin/python3 (version: 3.10)
    sphinx-build                 : NO
    iasl                         : NO
    genisoimage                  : /usr/local/bin/mkisofs
    smbd                         : /usr/sbin/smbd

  Configurable features
    Documentation                : NO
    system-mode emulation        : YES
    user-mode emulation          : NO
    block layer                  : YES
    Install blobs                : YES
    module support               : NO
    fuzzing support              : NO
    Audio drivers                : coreaudio
    Trace backends               : log
    D-Bus display                : NO
    QOM debugging                : NO
    vhost-kernel support         : NO
    vhost-net support            : NO
    vhost-crypto support         : NO
    vhost-scsi support           : NO
    vhost-vsock support          : NO
    vhost-user support           : NO
    vhost-user-blk server support: NO
    vhost-user-fs support        : NO
    vhost-vdpa support           : NO
    build guest agent            : NO

  Compilation
    host CPU                     : x86_64
    host endianness              : little
    C compiler                   : cc -m64 -mcx16
    Host C compiler              : cc -m64 -mcx16
    C++ compiler                 : c++ -m64 -mcx16
    Objective-C compiler         : clang -m64 -mcx16
    CFLAGS                       : -O2 -g
    CXXFLAGS                     : -O2 -g
    OBJCFLAGS                    : -O2 -g
    QEMU_CFLAGS                  : -DOS_OBJECT_USE_OBJC=0 -D_GNU_SOURCE -D_FILE_OFFSET_BITS=64 -D_LARGEFILE_SOURCE -Wstrict-prototypes -Wredundant-decls -Wundef -Wwrite-strings -Wmissing-prototypes -fno-strict-aliasing -fno-common -fwrapv -Wold-style-definition -Wtype-limits -Wformat-security -Wformat-y2k -Winit-self -Wignored-qualifiers -Wempty-body -Wnested-externs -Wendif-labels -Wexpansion-to-defined -Wno-initializer-overrides -Wno-missing-include-dirs -Wno-shift-negative-value -Wno-string-plus-int -Wno-typedef-redefinition -Wno-tautological-type-limit-compare -Wno-psabi -fstack-protector-strong
    QEMU_CXXFLAGS                : -D__STDC_LIMIT_MACROS -D__STDC_CONSTANT_MACROS -D__STDC_FORMAT_MACROS -DOS_OBJECT_USE_OBJC=0 -D_GNU_SOURCE -D_FILE_OFFSET_BITS=64 -D_LARGEFILE_SOURCE -Wundef -Wwrite-strings -fno-strict-aliasing -fno-common -fwrapv -Wtype-limits -Wformat-security -Wformat-y2k -Winit-self -Wignored-qualifiers -Wempty-body -Wendif-labels -Wexpansion-to-defined -Wno-initializer-overrides -Wno-missing-include-dirs -Wno-shift-negative-value -Wno-string-plus-int -Wno-typedef-redefinition -Wno-tautological-type-limit-compare -Wno-psabi -fstack-protector-strong
    QEMU_OBJCFLAGS               : -Wold-style-definition -Wtype-limits -Wformat-security -Wformat-y2k -Winit-self -Wignored-qualifiers -Wempty-body -Wnested-externs -Wendif-labels -Wexpansion-to-defined -Wno-initializer-overrides -Wno-missing-include-dirs -Wno-shift-negative-value -Wno-string-plus-int -Wno-typedef-redefinition -Wno-tautological-type-limit-compare -Wno-psabi
    QEMU_LDFLAGS                 : -fstack-protector-strong
    profiler                     : NO
    link-time optimization (LTO) : NO
    PIE                          : NO
    static build                 : NO
    malloc trim support          : NO
    membarrier                   : NO
    debug stack usage            : NO
    mutex debugging              : NO
    memory allocator             : system
    avx2 optimization            : NO
    avx512f optimization         : NO
    gprof enabled                : NO
    gcov                         : NO
    thread sanitizer             : NO
    CFI support                  : NO
    strip binaries               : NO
    sparse                       : NO
    mingw32 support              : NO

  Targets and accelerators
    KVM support                  : NO
    HAX support                  : YES
    HVF support                  : YES
    WHPX support                 : NO
    NVMM support                 : NO
    Xen support                  : NO
    TCG support                  : YES
    TCG backend                  : native (x86_64)
    TCG plugins                  : YES
    TCG debug enabled            : NO
    target list                  : x86_64-softmmu
    default devices              : YES
    out of process emulation     : NO

  Block layer support
    coroutine backend            : sigaltstack
    coroutine pool               : YES
    Block whitelist (rw)         :
    Block whitelist (ro)         :
    Use block whitelist in tools : NO
    VirtFS support               : YES
    build virtiofs daemon        : NO
    Live block migration         : YES
    replication support          : YES
    bochs support                : YES
    cloop support                : YES
    dmg support                  : YES
    qcow v1 support              : YES
    vdi support                  : YES
    vvfat support                : YES
    qed support                  : YES
    parallels support            : YES
    FUSE exports                 : NO

  Crypto
    TLS priority                 : "NORMAL"
    GNUTLS support               : YES 3.7.4
      GNUTLS crypto              : YES
    libgcrypt                    : NO
    nettle                       : NO
    AF_ALG support               : NO
    rng-none                     : NO
    Linux keyring                : NO

  Dependencies
    Cocoa support                : YES
    SDL support                  : NO
    SDL image support            : NO
    GTK support                  : NO
    pixman                       : YES 0.40.0
    VTE support                  : NO
    slirp support                : YES 4.6.1
    libtasn1                     : YES 4.18.0
    PAM                          : YES
    iconv support                : YES
    curses support               : YES
    virgl support                : NO
    curl support                 : YES 7.64.1
    Multipath support            : NO
    VNC support                  : YES
    VNC SASL support             : YES
    VNC JPEG support             : YES 9.5.0
    VNC PNG support              : YES 1.6.37
    CoreAudio support            : YES
    JACK support                 : NO
    brlapi support               : NO
    vde support                  : YES
    netmap support               : NO
    l2tpv3 support               : NO
    Linux AIO support            : NO
    Linux io_uring support       : NO
    ATTR/XATTR support           : NO
    RDMA support                 : NO
    PVRDMA support               : NO
    fdt support                  : internal
    libcap-ng support            : NO
    bpf support                  : NO
    spice protocol support       : NO
    rbd support                  : NO
    smartcard support            : NO
    U2F support                  : NO
    libusb                       : YES 1.0.26
    usb net redir                : NO
    OpenGL support               : NO
    GBM                          : NO
    libiscsi support             : YES 1.19.0
    libnfs support               : NO
    seccomp support              : NO
    GlusterFS support            : NO
    TPM support                  : YES
    libssh support               : YES 0.9.6
    lzo support                  : YES
    snappy support               : YES
    bzip2 support                : YES
    lzfse support                : NO
    zstd support                 : YES 1.5.2
    NUMA host support            : NO
    capstone                     : internal
    libpmem support              : NO
    libdaxctl support            : NO
    libudev                      : NO
    FUSE lseek                   : NO
    selinux                      : NO